  w2p2.c
C:\Users\rhyn2\OneDrive\바탕 화면\WEEK02\w2p2.c(67,50): warning C4244: '=': 'double'에서 'int'(으)로 변환하면서 데이터가 손실될 수 있습니다.
C:\Users\rhyn2\OneDrive\바탕 화면\WEEK02\w2p2.c(68,41): warning C4244: '=': 'const double'에서 'int'(으)로 변환하면서 데이터가 손실될 수 있습니다.
C:\Users\rhyn2\OneDrive\바탕 화면\WEEK02\w2p2.c(71,52): warning C4244: '=': 'double'에서 'int'(으)로 변환하면서 데이터가 손실될 수 있습니다.
C:\Users\rhyn2\OneDrive\바탕 화면\WEEK02\w2p2.c(72,41): warning C4244: '=': 'const double'에서 'int'(으)로 변환하면서 데이터가 손실될 수 있습니다.
C:\Users\rhyn2\OneDrive\바탕 화면\WEEK02\w2p2.c(75,48): warning C4244: '=': 'double'에서 'int'(으)로 변환하면서 데이터가 손실될 수 있습니다.
C:\Users\rhyn2\OneDrive\바탕 화면\WEEK02\w2p2.c(76,37): warning C4244: '=': 'const double'에서 'int'(으)로 변환하면서 데이터가 손실될 수 있습니다.
C:\Users\rhyn2\OneDrive\바탕 화면\WEEK02\w2p2.c(136,41): warning C4244: '=': 'double'에서 'int'(으)로 변환하면서 데이터가 손실될 수 있습니다.
C:\Users\rhyn2\OneDrive\바탕 화면\WEEK02\w2p2.c(140,41): warning C4244: '=': 'double'에서 'int'(으)로 변환하면서 데이터가 손실될 수 있습니다.
C:\Users\rhyn2\OneDrive\바탕 화면\WEEK02\w2p2.c(144,42): warning C4244: '=': 'double'에서 'int'(으)로 변환하면서 데이터가 손실될 수 있습니다.
C:\Users\rhyn2\OneDrive\바탕 화면\WEEK02\w2p2.c(148,39): warning C4244: '=': 'double'에서 'int'(으)로 변환하면서 데이터가 손실될 수 있습니다.
C:\Users\rhyn2\OneDrive\바탕 화면\WEEK02\w2p2.c(152,41): warning C4244: '=': 'double'에서 'int'(으)로 변환하면서 데이터가 손실될 수 있습니다.
C:\Users\rhyn2\OneDrive\바탕 화면\WEEK02\w2p2.c(156,47): warning C4244: '=': 'double'에서 'int'(으)로 변환하면서 데이터가 손실될 수 있습니다.
C:\Users\rhyn2\OneDrive\바탕 화면\WEEK02\w2p2.c(101,45): warning C4244: '초기화 중': 'double'에서 'int'(으)로 변환하면서 데이터가 손실될 수 있습니다.
C:\Users\rhyn2\OneDrive\바탕 화면\WEEK02\w2p2.c(106,45): warning C4244: '초기화 중': 'double'에서 'int'(으)로 변환하면서 데이터가 손실될 수 있습니다.
C:\Users\rhyn2\OneDrive\바탕 화면\WEEK02\w2p2.c(110,46): warning C4244: '초기화 중': 'double'에서 'int'(으)로 변환하면서 데이터가 손실될 수 있습니다.
C:\Users\rhyn2\OneDrive\바탕 화면\WEEK02\w2p2.c(114,43): warning C4244: '초기화 중': 'double'에서 'int'(으)로 변환하면서 데이터가 손실될 수 있습니다.
C:\Users\rhyn2\OneDrive\바탕 화면\WEEK02\w2p2.c(118,45): warning C4244: '초기화 중': 'double'에서 'int'(으)로 변환하면서 데이터가 손실될 수 있습니다.
C:\Users\rhyn2\OneDrive\바탕 화면\WEEK02\w2p2.c(122,51): warning C4244: '초기화 중': 'double'에서 'int'(으)로 변환하면서 데이터가 손실될 수 있습니다.
  WEEK02.vcxproj -> C:\Users\rhyn2\OneDrive\바탕 화면\WEEK02\x64\Debug\WEEK02.exe
